<?xml version="1.0" encoding="UTF-8"?>
<!-- Generated by org.testng.reporters.JUnitReportReporter -->
<testsuite hostname="DESKTOP-ATMEPCB" failures="0" tests="1" name="testngexercise.WrongUsernameWrongPassword" time="0.000" errors="0" timestamp="03 Apr 2020 07:20:31 GMT" skipped="1">
  <testcase classname="testngexercise.WrongUsernameWrongPassword" name="correctUsername" time="0.000">
    <skipped/>
  </testcase> <!-- correctUsername -->
</testsuite> <!-- testngexercise.WrongUsernameWrongPassword -->
