<?xml version="1.0" encoding="UTF-8"?>
<!-- Generated by org.testng.reporters.JUnitReportReporter -->
<testsuite hostname="DESKTOP-ATMEPCB" failures="0" tests="1" name="testngexercise.CorrectUsernameNoPassword" time="1.487" errors="0" timestamp="03 Apr 2020 07:27:21 GMT" skipped="0">
  <testcase classname="testngexercise.CorrectUsernameNoPassword" name="correctUsername" time="1.487"/>
</testsuite> <!-- testngexercise.CorrectUsernameNoPassword -->
