<?xml version="1.0" encoding="UTF-8"?>
<!-- Generated by org.testng.reporters.JUnitReportReporter -->
<testsuite hostname="DESKTOP-ATMEPCB" failures="0" tests="1" name="testngexercise.forgotPasswordTest" time="1.298" errors="0" timestamp="03 Apr 2020 08:07:18 GMT" skipped="0">
  <testcase classname="testngexercise.forgotPasswordTest" name="gamesportBtn" time="1.298"/>
</testsuite> <!-- testngexercise.forgotPasswordTest -->
